<?xml version="1.0" encoding="UTF-8"?>
<testng-results ignored="0" total="2" passed="2" failed="0" skipped="0">
  <reporter-output>
  </reporter-output>
  <suite started-at="2023-04-17T21:48:22 IST" name="Default suite" finished-at="2023-04-17T21:48:23 IST" duration-ms="86">
    <groups>
    </groups>
    <test started-at="2023-04-17T21:48:22 IST" name="Default test" finished-at="2023-04-17T21:48:23 IST" duration-ms="86">
      <class name="Practise.SoftAssert">
        <test-method signature="createcontact()[pri:0, instance:Practise.SoftAssert@4b5d6a01]" started-at="2023-04-17T21:48:23 IST" name="createcontact" finished-at="2023-04-17T21:48:23 IST" duration-ms="19" status="PASS">
          <reporter-output>
          </reporter-output>
        </test-method> <!-- createcontact -->
        <test-method signature="m1()[pri:0, instance:Practise.SoftAssert@4b5d6a01]" started-at="2023-04-17T21:48:23 IST" name="m1" finished-at="2023-04-17T21:48:23 IST" duration-ms="4" status="PASS">
          <reporter-output>
          </reporter-output>
        </test-method> <!-- m1 -->
      </class> <!-- Practise.SoftAssert -->
    </test> <!-- Default test -->
  </suite> <!-- Default suite -->
</testng-results>
